[debug] [2022-09-03T06:02:31.570Z] ----------------------------------------------------------------------
[debug] [2022-09-03T06:02:31.572Z] Command:       C:\Program Files\nodejs\node.exe C:\Users\Agnirockz\AppData\Roaming\npm\node_modules\firebase-tools\lib\bin\firebase.js init
[debug] [2022-09-03T06:02:31.572Z] CLI Version:   11.8.0
[debug] [2022-09-03T06:02:31.572Z] Platform:      win32
[debug] [2022-09-03T06:02:31.572Z] Node Version:  v16.7.0
[debug] [2022-09-03T06:02:31.574Z] Time:          Sat Sep 03 2022 11:32:31 GMT+0530 (India Standard Time)
[debug] [2022-09-03T06:02:31.574Z] ----------------------------------------------------------------------
[debug] 
[debug] [2022-09-03T06:02:31.583Z] > command requires scopes: ["email","openid","https://www.googleapis.com/auth/cloudplatformprojects.readonly","https://www.googleapis.com/auth/firebase","https://www.googleapis.com/auth/cloud-platform"]
[debug] [2022-09-03T06:02:31.583Z] > authorizing via signed-in user (agnibha.rayzr@gmail.com)
[info] 
     ######## #### ########  ######## ########     ###     ######  ########
     ##        ##  ##     ## ##       ##     ##  ##   ##  ##       ##
     ######    ##  ########  ######   ########  #########  ######  ######
     ##        ##  ##    ##  ##       ##     ## ##     ##       ## ##
     ##       #### ##     ## ######## ########  ##     ##  ######  ########

You're about to initialize a Firebase project in this directory:

  E:\websites\Bundler

[info] 
=== Account Setup
[info] 
[info] Which account do you want to use for this project? Choose an account or add a new one now
[info] 
[debug] [2022-09-03T06:08:10.240Z] setProjectAccount(E:\websites\Bundler, agnibharay.55@gmail.com)
[info] 
[info] +  Using account: agnibharay.55@gmail.com 
[info] 
=== Project Setup
[info] 
[info] First, let's associate this project directory with a Firebase project.
[info] You can create multiple project aliases by running firebase use --add, 
[info] but for now we'll just set up a default project.
[info] 
[debug] [2022-09-03T06:08:12.457Z] > refreshing access token with scopes: []
[debug] [2022-09-03T06:08:12.459Z] >>> [apiv2][query] POST https://www.googleapis.com/oauth2/v3/token [none]
[debug] [2022-09-03T06:08:12.459Z] >>> [apiv2][body] POST https://www.googleapis.com/oauth2/v3/token [omitted]
[debug] [2022-09-03T06:08:12.884Z] <<< [apiv2][status] POST https://www.googleapis.com/oauth2/v3/token 200
[debug] [2022-09-03T06:08:12.885Z] <<< [apiv2][body] POST https://www.googleapis.com/oauth2/v3/token [omitted]
[debug] [2022-09-03T06:08:12.936Z] >>> [apiv2][query] GET https://firebase.googleapis.com/v1beta1/projects pageSize=100
[debug] [2022-09-03T06:08:13.902Z] <<< [apiv2][status] GET https://firebase.googleapis.com/v1beta1/projects 200
[debug] [2022-09-03T06:08:13.902Z] <<< [apiv2][body] GET https://firebase.googleapis.com/v1beta1/projects [omitted]
[info] i  Using project bundler22 (bundler) 
[info] 
=== Hosting Setup
[info] 
[info] Your public directory is the folder (relative to your project directory) that
[info] will contain Hosting assets to be uploaded with firebase deploy. If you
[info] have a build process for your assets, use your build's output directory.
[info] 
[info] +  Wrote public/404.html 
[debug] [2022-09-03T06:08:34.301Z] >>> [apiv2][query] GET https://www.gstatic.com/firebasejs/releases.json [none]
[debug] [2022-09-03T06:08:34.585Z] <<< [apiv2][status] GET https://www.gstatic.com/firebasejs/releases.json 200
[debug] [2022-09-03T06:08:34.585Z] <<< [apiv2][body] GET https://www.gstatic.com/firebasejs/releases.json {"current":{"version":"9.9.4","browserURL":"https://www.gstatic.com/firebasejs/9.9.4/firebase.js","packageURL":"https://www.gstatic.com/firebasejs/9.9.4/firebase.tgz"},"live":{"version":"9.9","browserURL":"https://www.gstatic.com/firebasejs/live/9.9/firebase.js","packageURL":"https://www.gstatic.com/firebasejs/live/9.9/firebase.tgz"},"components":{"analytics":"https://www.gstatic.com/firebasejs/9.9.4/firebase-analytics.js","app":"https://www.gstatic.com/firebasejs/9.9.4/firebase-app.js","app-check":"https://www.gstatic.com/firebasejs/9.9.4/firebase-app-check.js","auth":"https://www.gstatic.com/firebasejs/9.9.4/firebase-auth.js","auth/cordova":"https://www.gstatic.com/firebasejs/9.9.4/firebase-auth/cordova.js","auth/react-native":"https://www.gstatic.com/firebasejs/9.9.4/firebase-auth/react-native.js","functions":"https://www.gstatic.com/firebasejs/9.9.4/firebase-functions.js","firestore":"https://www.gstatic.com/firebasejs/9.9.4/firebase-firestore.js","firestore/lite":"https://www.gstatic.com/firebasejs/9.9.4/firebase-firestore/lite.js","installations":"https://www.gstatic.com/firebasejs/9.9.4/firebase-installations.js","storage":"https://www.gstatic.com/firebasejs/9.9.4/firebase-storage.js","performance":"https://www.gstatic.com/firebasejs/9.9.4/firebase-performance.js","remote-config":"https://www.gstatic.com/firebasejs/9.9.4/firebase-remote-config.js","messaging":"https://www.gstatic.com/firebasejs/9.9.4/firebase-messaging.js","messaging/sw":"https://www.gstatic.com/firebasejs/9.9.4/firebase-messaging/sw.js","database":"https://www.gstatic.com/firebasejs/9.9.4/firebase-database.js","firestore.memory":"https://www.gstatic.com/firebasejs/9.9.4/firebase-firestore.memory.js"}}
[info] +  Wrote public/index.html 
[info] 
[info] i  Detected a .git folder at E:\websites\Bundler 
[info] i  Authorizing with GitHub to upload your service account to a GitHub repository's secrets store. 
[info] 
[info] Visit this URL on this device to log in:
[info] https://github.com/login/oauth/authorize?client_id=89cf50f02ac6aaed3484&state=707163822&redirect_uri=http%3A%2F%2Flocalhost%3A9005&scope=read%3Auser%20repo%20public_repo
[info] 
[info] Waiting for authentication...
[debug] [2022-09-03T06:08:50.976Z] >>> [apiv2][query] POST https://github.com/login/oauth/access_token [none]
[debug] [2022-09-03T06:08:50.976Z] >>> [apiv2][body] POST https://github.com/login/oauth/access_token [stream]
[debug] [2022-09-03T06:08:51.497Z] <<< [apiv2][status] POST https://github.com/login/oauth/access_token 200
[debug] [2022-09-03T06:08:51.497Z] <<< [apiv2][body] POST https://github.com/login/oauth/access_token {"access_token":"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","token_type":"bearer","scope":"read:user,repo"}
[debug] [2022-09-03T06:08:51.501Z] >>> [apiv2][query] GET https://api.github.com/user [none]
[debug] [2022-09-03T06:08:52.013Z] <<< [apiv2][status] GET https://api.github.com/user 200
[debug] [2022-09-03T06:08:52.013Z] <<< [apiv2][body] GET https://api.github.com/user {"login":"AgnibhaRay","id":64902131,"node_id":"MDQ6VXNlcjY0OTAyMTMx","avatar_url":"https://avatars.githubusercontent.com/u/64902131?v=4","gravatar_id":"","url":"https://api.github.com/users/AgnibhaRay","html_url":"https://github.com/AgnibhaRay","followers_url":"https://api.github.com/users/AgnibhaRay/followers","following_url":"https://api.github.com/users/AgnibhaRay/following{/other_user}","gists_url":"https://api.github.com/users/AgnibhaRay/gists{/gist_id}","starred_url":"https://api.github.com/users/AgnibhaRay/starred{/owner}{/repo}","subscriptions_url":"https://api.github.com/users/AgnibhaRay/subscriptions","organizations_url":"https://api.github.com/users/AgnibhaRay/orgs","repos_url":"https://api.github.com/users/AgnibhaRay/repos","events_url":"https://api.github.com/users/AgnibhaRay/events{/privacy}","received_events_url":"https://api.github.com/users/AgnibhaRay/received_events","type":"User","site_admin":false,"name":"Agnibha","company":"Rayzr Sole Inc.","blog":"","location":"Tribeni","email":null,"hireable":null,"bio":null,"twitter_username":null,"public_repos":7,"public_gists":0,"followers":1,"following":0,"created_at":"2020-05-06T11:21:10Z","updated_at":"2022-08-21T15:35:59Z","private_gists":0,"total_private_repos":9,"owned_private_repos":9,"disk_usage":42888,"collaborators":0,"two_factor_authentication":false,"plan":{"name":"free","space":976562499,"collaborators":0,"private_repos":10000}}
[info] 
[info] +  Success! Logged into GitHub as AgnibhaRay 
[info] 
